2026-03-15T14:39:50.210Z INFO Is remote: false
2026-03-15T14:39:50.211Z INFO Starting Local. Installation path: d:\Projects\Wheather-app
2026-03-15T14:39:50.212Z INFO [MainProvider] Creating new MainProvider instance...
2026-03-15T14:39:50.214Z INFO [TabsManager] Code view listener set up at initialization
2026-03-15T14:39:50.216Z INFO Installation path exists: d:\Projects\Wheather-app
2026-03-15T14:39:50.218Z INFO Initializing database with URL: file:d:\Projects\Wheather-app\pythagora-core\data\database\pythagora.db
2026-03-15T14:39:50.222Z INFO Database file exists, skipping prisma generate/push for faster startup
2026-03-15T14:39:50.222Z INFO Database initialized successfully
2026-03-15T14:39:50.223Z INFO [Migration] Checking for database migration...
2026-03-15T14:39:50.822Z INFO [Migration] No migration needed
2026-03-15T14:39:52.133Z INFO Closing entire Pythagora extension...
2026-03-15T14:39:52.139Z ERROR Error closing extension
Error: Canceled
Stack: Canceled: Canceled
    at new aI (file:///c:/Users/Admin/AppData/Local/Programs/Microsoft%20VS%20Code/ce099c1ed2/resources/app/out/vs/workbench/api/node/extensionHostProcess.js:407:147949)
    at r._remoteCall (file:///c:/Users/Admin/AppData/Local/Programs/Microsoft%20VS%20Code/ce099c1ed2/resources/app/out/vs/workbench/api/node/extensionHostProcess.js:407:154001)
    at Proxy.i.<computed>.s.charCodeAt.i.<computed> (file:///c:/Users/Admin/AppData/Local/Programs/Microsoft%20VS%20Code/ce099c1ed2/resources/app/out/vs/workbench/api/node/extensionHostProcess.js:407:150796)
    at Zm._doExecuteCommand (file:///c:/Users/Admin/AppData/Local/Programs/Microsoft%20VS%20Code/ce099c1ed2/resources/app/out/vs/workbench/api/node/extensionHostProcess.js:494:48120)
    at Zm.executeCommand (file:///c:/Users/Admin/AppData/Local/Programs/Microsoft%20VS%20Code/ce099c1ed2/resources/app/out/vs/workbench/api/node/extensionHostProcess.js:494:47567)
    at Object.executeCommand (file:///c:/Users/Admin/AppData/Local/Programs/Microsoft%20VS%20Code/ce099c1ed2/resources/app/out/vs/workbench/api/node/extensionHostProcess.js:608:129144)
    at closeEntirePythagoraExtension (c:\Users\Admin\.vscode\extensions\pythagoratechnologies.pythagora-vs-code-2.6.19\out\extension.js:542:31)
    at Object.deactivate (c:\Users\Admin\.vscode\extensions\pythagoratechnologies.pythagora-vs-code-2.6.19\out\extension.js:409:15)
    at ck._deactivate (file:///c:/Users/Admin/AppData/Local/Programs/Microsoft%20VS%20Code/ce099c1ed2/resources/app/out/vs/workbench/api/node/extensionHostProcess.js:498:14479)
    at file:///c:/Users/Admin/AppData/Local/Programs/Microsoft%20VS%20Code/ce099c1ed2/resources/app/out/vs/workbench/api/node/extensionHostProcess.js:498:12006
    at Array.map (<anonymous>)
    at ck._deactivateAll (file:///c:/Users/Admin/AppData/Local/Programs/Microsoft%20VS%20Code/ce099c1ed2/resources/app/out/vs/workbench/api/node/extensionHostProcess.js:498:11994)
    at ck.terminate (file:///c:/Users/Admin/AppData/Local/Programs/Microsoft%20VS%20Code/ce099c1ed2/resources/app/out/vs/workbench/api/node/extensionHostProcess.js:498:12345)
    at r.terminate (file:///c:/Users/Admin/AppData/Local/Programs/Microsoft%20VS%20Code/ce099c1ed2/resources/app/out/vs/workbench/api/node/extensionHostProcess.js:500:1072)
    at Fs (file:///c:/Users/Admin/AppData/Local/Programs/Microsoft%20VS%20Code/ce099c1ed2/resources/app/out/vs/workbench/api/node/extensionHostProcess.js:800:11700)
    at MessagePortMain.<anonymous> (file:///c:/Users/Admin/AppData/Local/Programs/Microsoft%20VS%20Code/ce099c1ed2/resources/app/out/vs/workbench/api/node/extensionHostProcess.js:800:8122)
    at MessagePortMain.emit (node:events:519:28)
    at Object.MessagePortMain._internalPort.emit (node:electron/js2c/utility_init:2:2959)
Extra context: {
  "message": "Canceled"
}
